<?xml version="1.0" encoding="UTF-8"?>
<!-- Generated by org.testng.reporters.JUnitReportReporter -->
<testsuite hostname="mounika" failures="0" tests="1" name="Sample.demo" time="0.019" errors="0" timestamp="2023-08-04T13:47:21 IST" skipped="0">
  <testcase classname="Sample.demo" name="sample" time="0.019"/>
  <system-out/>
</testsuite> <!-- Sample.demo -->
