<?xml version="1.0" encoding="UTF-8"?>
<!-- Generated by org.testng.reporters.JUnitReportReporter -->
<testsuite hostname="mounika" failures="0" tests="2" name="Sample.demo" time="0.026" errors="0" timestamp="2023-08-04T15:42:01 IST" skipped="0">
  <testcase classname="Sample.demo" name="second" time="0.005"/>
  <system-out/>
  <testcase classname="Sample.demo" name="sample" time="0.021"/>
  <system-out/>
</testsuite> <!-- Sample.demo -->
